android-webview/app/build/intermediates/manifest_merge_blame_file/debug/processDebugMainManifest/manifest-merger-blame-debug-report.txt
1<?xml version="1.0" encoding="utf-8"?>
2<manifest xmlns:android="http://schemas.android.com/apk/res/android"
3    package="com.marketwatch.app"
4    android:versionCode="1"
5    android:versionName="1.0.0" >
6
7    <uses-sdk
8        android:minSdkVersion="24"
9        android:targetSdkVersion="35" />
10
11    <uses-permission android:name="android.permission.INTERNET" />
11-->src\main\AndroidManifest.xml:3:5-67
11-->src\main\AndroidManifest.xml:3:22-64
12    <uses-permission android:name="android.permission.POST_NOTIFICATIONS" />
12-->src\main\AndroidManifest.xml:4:5-77
12-->src\main\AndroidManifest.xml:4:22-74
13
14    <application
14-->src\main\AndroidManifest.xml:6:5-30:19
15        android:allowBackup="true"
15-->src\main\AndroidManifest.xml:7:9-35
16        android:debuggable="true"
17        android:extractNativeLibs="false"
18        android:label="MarketWatch"
18-->src\main\AndroidManifest.xml:8:9-36
19        android:supportsRtl="true"
19-->src\main\AndroidManifest.xml:9:9-35
20        android:theme="@style/Theme.MarketWatch" >
20-->src\main\AndroidManifest.xml:10:9-49
21        <activity
21-->src\main\AndroidManifest.xml:11:9-29:20
22            android:name="com.marketwatch.app.MainActivity"
22-->src\main\AndroidManifest.xml:12:13-41
23            android:exported="true"
23-->src\main\AndroidManifest.xml:13:13-36
24            android:launchMode="singleTop"
24-->src\main\AndroidManifest.xml:14:13-43
25            android:screenOrientation="portrait" >
25-->src\main\AndroidManifest.xml:15:13-49
26            <intent-filter>
26-->src\main\AndroidManifest.xml:16:13-19:29
27                <action android:name="android.intent.action.MAIN" />
27-->src\main\AndroidManifest.xml:17:17-69
27-->src\main\AndroidManifest.xml:17:25-66
28
29                <category android:name="android.intent.category.LAUNCHER" />
29-->src\main\AndroidManifest.xml:18:17-77
29-->src\main\AndroidManifest.xml:18:27-74
30            </intent-filter>
31            <intent-filter>
31-->src\main\AndroidManifest.xml:20:13-28:29
32                <action android:name="android.intent.action.VIEW" />
32-->src\main\AndroidManifest.xml:21:17-69
32-->src\main\AndroidManifest.xml:21:25-66
33
34                <category android:name="android.intent.category.DEFAULT" />
34-->src\main\AndroidManifest.xml:22:17-76
34-->src\main\AndroidManifest.xml:22:27-73
35                <category android:name="android.intent.category.BROWSABLE" />
35-->src\main\AndroidManifest.xml:23:17-78
35-->src\main\AndroidManifest.xml:23:27-75
36
37                <data
37-->src\main\AndroidManifest.xml:24:17-27:48
38                    android:host="auth"
38-->src\main\AndroidManifest.xml:26:21-40
39                    android:path="/callback"
39-->src\main\AndroidManifest.xml:27:21-45
40                    android:scheme="marketwatch" />
40-->src\main\AndroidManifest.xml:25:21-49
41            </intent-filter>
42        </activity>
43    </application>
44
45</manifest>